[0mGET /?page_num=1 [32m200[0m 79.985 ms - 15044[0m
[0mGET /users/sign-in [36m304[0m 5.470 ms - -[0m
[0mPOST /users/create-session [36m302[0m 23.225 ms - 68[0m
[0mGET /?page_num=1 [32m200[0m 64.656 ms - 22084[0m
[0mGET /users/profile/5ed6ecc01b749726907a431e [36m304[0m 146.437 ms - -[0m
[0mGET /users/follow_user/5ed6ecc01b749726907a431e [36m302[0m 111.356 ms - 164[0m
[0mGET /users/profile/5ed6ecc01b749726907a431e [32m200[0m 26.991 ms - 2439[0m
[0mGET / [32m200[0m 106.173 ms - 52497[0m
[0mGET / [32m200[0m 183.502 ms - 31108[0m
[0mGET / [36m304[0m 161.073 ms - -[0m
[0mGET /users/sign-in [36m304[0m 6.273 ms - -[0m
[0mPOST /users/create-session [36m302[0m 30.644 ms - 68[0m
[0mGET /?page_num=1 [32m200[0m 86.895 ms - 22036[0m
[0mGET /users/sign-out [36m302[0m 11.191 ms - 46[0m
[0mGET / [32m200[0m 99.445 ms - 31312[0m
[0mGET /users/sign-in [36m304[0m 3.628 ms - -[0m
[0mPOST /users/create-session [36m302[0m 13.288 ms - 68[0m
[0mGET /?page_num=1 [36m304[0m 72.888 ms - -[0m
[0mGET /users/profile/5ed6ecc01b749726907a431e [36m304[0m 39.729 ms - -[0m
[0mGET / [32m200[0m 88.061 ms - 52497[0m
[0mGET / [36m304[0m 100.838 ms - -[0m
[0mGET /users/profile/5ed6ecc01b749726907a431e [32m200[0m 44.041 ms - 2431[0m
[0mGET /users/profile/5ed6ecc01b749726907a431e [32m200[0m 51.639 ms - 2442[0m
[0mGET /?page_num=1 [32m200[0m 60.229 ms - 21829[0m
[0mGET /?page_num=1 [36m304[0m 61.490 ms - -[0m
[0mGET /users/profile/5ed6ecc01b749726907a431e [32m200[0m 38.589 ms - 2478[0m
[0mGET /users/profile/5ed6ecc01b749726907a431e [32m200[0m 34.488 ms - 2471[0m
[0mGET /users/profile/5ed6ecc01b749726907a431e [36m304[0m 40.405 ms - -[0m
[0mGET /users/profile/5ed6ecc01b749726907a431e [32m200[0m 32.258 ms - 2469[0m
[0mGET /users/profile/5ed6ecc01b749726907a431e [32m200[0m 27.293 ms - 2477[0m
[0mGET /users/profile/5ed6ecc01b749726907a431e [36m304[0m 32.464 ms - -[0m
[0mGET /users/profile/5ed6ecc01b749726907a431e [32m200[0m 36.342 ms - 2477[0m
[0mGET /users/profile/5ed6ecc01b749726907a431e [32m200[0m 36.566 ms - 2490[0m
[0mGET /users/profile/5ed6ecc01b749726907a431e [32m200[0m 31.646 ms - 2491[0m
[0mGET /users/profile/5ed6ecc01b749726907a431e [32m200[0m 29.933 ms - 2508[0m
[0mGET /users/profile/5ed6ecc01b749726907a431e [32m200[0m 24.239 ms - 2505[0m
[0mGET /users/profile/5ed6ecc01b749726907a431e [32m200[0m 31.467 ms - 2409[0m
[0mGET /users/profile/5ed6ecc01b749726907a431e [32m200[0m 36.536 ms - 2458[0m
[0mGET /users/profile/5ed6ecc01b749726907a431e [32m200[0m 25.933 ms - 2475[0m
[0mGET /users/profile/5ed6ecc01b749726907a431e [32m200[0m 29.436 ms - 2486[0m
[0mGET /?page_num=1 [36m304[0m 51.078 ms - -[0m
[0mGET /users/profile/5ed6f5898349c530c8c5a593 [32m200[0m 48.966 ms - 8388[0m
[0mGET /users/profile/5eee0ec7d27bb339402d69b3 [32m200[0m 34.503 ms - 2439[0m
[0mGET /?page_num=1 [36m304[0m 53.002 ms - -[0m
[0mGET /users/profile/5eee0ec7d27bb339402d69b3 [36m304[0m 42.369 ms - -[0m
[0mGET /users/follow_user/5eee0ec7d27bb339402d69b3 [36m302[0m 123.275 ms - 164[0m
[0mGET /users/profile/5eee0ec7d27bb339402d69b3 [32m200[0m 46.572 ms - 2463[0m
[0mGET /?page_num=1 [32m200[0m 68.429 ms - 21877[0m
[0mGET /users/profile/5ed6f5898349c530c8c5a593 [36m304[0m 54.800 ms - -[0m
[0mGET /users/profile/5ed6ecc01b749726907a431e [36m304[0m 44.254 ms - -[0m
[0mGET /?page_num=1 [36m304[0m 83.738 ms - -[0m
[0mGET /?page_num=2 [32m200[0m 69.341 ms - 19123[0m
[0mGET /?page_num=3 [32m200[0m 57.007 ms - 19131[0m
[0mGET /?page_num=4 [32m200[0m 61.948 ms - 15876[0m
[0mPOST /answer/create [32m200[0m 69.603 ms - 2301[0m
[0mPOST /like/toggle/?id=5eeec0302324be19e07459f9&type=Answer [32m200[0m 28.112 ms - 59[0m
[0mGET /?page_num=4 [32m200[0m 124.206 ms - 11890[0m
[0mGET /users/sign-in [36m304[0m 6.519 ms - -[0m
[0mPOST /users/create-session [36m302[0m 19.717 ms - 68[0m
[0mGET /?page_num=1 [32m200[0m 177.681 ms - 22084[0m
[0mPOST /question/create [32m200[0m 84.383 ms - 1294[0m
[0mPOST /question/create [36m302[0m 15.112 ms - 36[0m
[0mGET /users/sign-in [36m304[0m 11.154 ms - -[0m
[0mGET /?page_num=1 [32m200[0m 159.489 ms - 15058[0m
[0mGET /users/sign-in [36m304[0m 7.005 ms - -[0m
[0mPOST /users/create-session [36m302[0m 23.964 ms - 68[0m
[0mGET /?page_num=1 [32m200[0m 86.975 ms - 22098[0m
[0mGET /?page_num=1 [32m200[0m 144.204 ms - 15058[0m
[0mGET /users/sign-in [36m304[0m 10.303 ms - -[0m
[0mPOST /users/create-session [36m302[0m 20.418 ms - 68[0m
[0mGET /?page_num=1 [32m200[0m 83.861 ms - 22098[0m
[0mPOST /question/create [32m200[0m 53.606 ms - 1317[0m
[0mGET /?page_num=1 [32m200[0m 181.218 ms - 15068[0m
[0mGET /users/sign-in [36m304[0m 5.515 ms - -[0m
[0mPOST /users/create-session [36m302[0m 23.789 ms - 68[0m
[0mGET /?page_num=1 [32m200[0m 98.575 ms - 22108[0m
[0mPOST /question/create [32m200[0m 64.202 ms - 1346[0m
[0mGET /?page_num=1 [32m200[0m 139.009 ms - 15081[0m
[0mGET /users/sign-in [36m304[0m 5.146 ms - -[0m
[0mPOST /users/create-session [36m302[0m 22.816 ms - 68[0m
[0mGET /?page_num=1 [32m200[0m 87.695 ms - 22115[0m
[0mGET /?page_num=1 [32m200[0m 147.167 ms - 21888[0m
[0mPOST /question/create [32m200[0m 46.887 ms - 1388[0m
[0mPOST /like/toggle/?id=5eeec2fcebbda3392cd8b546&type=Question [32m200[0m 23.808 ms - 59[0m
[0mGET /?page_num=1 [32m200[0m 121.447 ms - 15108[0m
[0mGET /users/sign-in [36m304[0m 8.130 ms - -[0m
[0mPOST /users/create-session [36m302[0m 20.685 ms - 68[0m
[0mGET /?page_num=1 [32m200[0m 94.310 ms - 22122[0m
[0mPOST /question/create [32m200[0m 54.403 ms - 1397[0m
[0mPOST /like/toggle/?id=5eeec57163e79a3d40d666ea&type=Question [32m200[0m 21.486 ms - 59[0m
[0mPOST /answer/create [32m200[0m 55.874 ms - 2580[0m
[0mGET /?page_num=1 [32m200[0m 131.544 ms - 15628[0m
[0mGET /users/sign-in [36m304[0m 6.246 ms - -[0m
[0mPOST /users/create-session [36m302[0m 44.937 ms - 68[0m
[0mGET /?page_num=1 [32m200[0m 82.535 ms - 22839[0m
[0mPOST /answer/create [32m200[0m 92.880 ms - 2584[0m
[0mGET /?page_num=1 [32m200[0m 136.035 ms - 16143[0m
[0mGET /users/sign-in [36m304[0m 6.088 ms - -[0m
[0mPOST /users/create-session [36m302[0m 22.733 ms - 68[0m
[0mGET /?page_num=1 [32m200[0m 93.160 ms - 23551[0m
[0mPOST /answer/create [32m200[0m 86.699 ms - 2579[0m
[0mGET /?page_num=1 [32m200[0m 161.911 ms - 16653[0m
[0mGET /users/sign-in [36m304[0m 7.172 ms - -[0m
[0mPOST /users/create-session [36m302[0m 20.213 ms - 68[0m
[0mGET /?page_num=1 [32m200[0m 95.591 ms - 24258[0m
[0mGET /?page_num=1 [32m200[0m 140.220 ms - 16653[0m
[0mGET /users/sign-in [36m304[0m 5.429 ms - -[0m
[0mPOST /users/create-session [36m302[0m 21.670 ms - 68[0m
[0mGET /?page_num=1 [32m200[0m 87.072 ms - 24258[0m
[0mGET /?page_num=1 [32m200[0m 161.831 ms - 16653[0m
[0mGET /users/sign-in [36m304[0m 4.858 ms - -[0m
[0mPOST /users/create-session [36m302[0m 22.296 ms - 68[0m
[0mGET /?page_num=1 [32m200[0m 110.320 ms - 24258[0m
[0mPOST /answer/create [32m200[0m 93.603 ms - 2587[0m
[0mPOST /like/toggle/?id=5eeec7ad919a423850eba38b&type=Answer [32m200[0m 29.116 ms - 59[0m
[0mPOST /like/toggle/?id=5eeec7ad919a423850eba38b&type=Answer [32m200[0m 21.083 ms - 58[0m
[0mGET /?page_num=1 [32m200[0m 164.049 ms - 17169[0m
[0mGET /users/sign-in [36m304[0m 7.632 ms - -[0m
[0mPOST /users/create-session [36m302[0m 20.350 ms - 68[0m
[0mGET /?page_num=1 [32m200[0m 88.016 ms - 24971[0m
[0mGET /?page_num=1 [32m200[0m 109.896 ms - 17169[0m
[0mGET /users/sign-in [36m304[0m 8.560 ms - -[0m
[0mPOST /users/create-session [36m302[0m 25.229 ms - 68[0m
[0mGET /?page_num=1 [32m200[0m 89.313 ms - 24971[0m
